[    0.000000] Linux version 4.15.0-166-generic (buildd@lgw01-amd64-012) (gcc version 7.5.0 (Ubuntu 7.5.0-3ubuntu1~18.04)) #174-Ubuntu SMP Wed Dec 8 19:07:44 UTC 2021 (Ubuntu 4.15.0-166.174-generic 4.15.18)
[    0.000000] Command line: BOOT_IMAGE=/boot/vmlinuz-4.15.0-166-generic root=LABEL=cloudimg-rootfs ro console=tty1 console=ttyS0
[    0.000000] KERNEL supported cpus:
[    0.000000]   Intel GenuineIntel
[    0.000000]   AMD AuthenticAMD
[    0.000000]   Centaur CentaurHauls
[    0.000000] x86/fpu: x87 FPU will use FXSAVE
[    0.000000] e820: BIOS-provided physical RAM map:
[    0.000000] BIOS-e820: [mem 0x0000000000000000-0x000000000009fbff] usable
[    0.000000] BIOS-e820: [mem 0x000000000009fc00-0x000000000009ffff] reserved
[    0.000000] BIOS-e820: [mem 0x00000000000f0000-0x00000000000fffff] reserved
[    0.000000] BIOS-e820: [mem 0x0000000000100000-0x000000007ffeffff] usable
[    0.000000] BIOS-e820: [mem 0x000000007fff0000-0x000000007fffffff] ACPI data
[    0.000000] BIOS-e820: [mem 0x00000000fec00000-0x00000000fec00fff] reserved
[    0.000000] BIOS-e820: [mem 0x00000000fee00000-0x00000000fee00fff] reserved
[    0.000000] BIOS-e820: [mem 0x00000000fffc0000-0x00000000ffffffff] reserved
[    0.000000] NX (Execute Disable) protection: active
[    0.000000] SMBIOS 2.5 present.
[    0.000000] DMI: innotek GmbH VirtualBox/VirtualBox, BIOS VirtualBox 12/01/2006
[    0.000000] Hypervisor detected: KVM
[    0.000000] e820: last_pfn = 0x7fff0 max_arch_pfn = 0x400000000
[    0.000000] MTRR: Disabled
[    0.000000] x86/PAT: MTRRs disabled, skipping PAT initialization too.
[    0.000000] CPU MTRRs all blank - virtualized system.
[    0.000000] x86/PAT: Configuration [0-7]: WB  WT  UC- UC  WB  WT  UC- UC  
[    0.000000] found SMP MP-table at [mem 0x0009fff0-0x0009ffff]
[    0.000000] Scanning 1 areas for low memory corruption
[    0.000000] RAMDISK: [mem 0x359cf000-0x36cdefff]
[    0.000000] ACPI: Early table checksum verification disabled
[    0.000000] ACPI: RSDP 0x00000000000E0000 000024 (v02 VBOX  )
[    0.000000] ACPI: XSDT 0x000000007FFF0030 00003C (v01 VBOX   VBOXXSDT 00000001 ASL  00000061)
[    0.000000] ACPI: FACP 0x000000007FFF00F0 0000F4 (v04 VBOX   VBOXFACP 00000001 ASL  00000061)
[    0.000000] ACPI: DSDT 0x000000007FFF0470 0021FF (v02 VBOX   VBOXBIOS 00000002 INTL 20180105)
[    0.000000] ACPI: FACS 0x000000007FFF0200 000040
[    0.000000] ACPI: FACS 0x000000007FFF0200 000040
[    0.000000] ACPI: APIC 0x000000007FFF0240 00005C (v02 VBOX   VBOXAPIC 00000001 ASL  00000061)
[    0.000000] ACPI: SSDT 0x000000007FFF02A0 0001CC (v01 VBOX   VBOXCPUT 00000002 INTL 20180105)
[    0.000000] ACPI: Reserving FACP table memory at [mem 0x7fff00f0-0x7fff01e3]
[    0.000000] ACPI: Reserving DSDT table memory at [mem 0x7fff0470-0x7fff266e]
[    0.000000] ACPI: Reserving FACS table memory at [mem 0x7fff0200-0x7fff023f]
[    0.000000] ACPI: Reserving FACS table memory at [mem 0x7fff0200-0x7fff023f]
[    0.000000] ACPI: Reserving APIC table memory at [mem 0x7fff0240-0x7fff029b]
[    0.000000] ACPI: Reserving SSDT table memory at [mem 0x7fff02a0-0x7fff046b]
[    0.000000] No NUMA configuration found
[    0.000000] Faking a node at [mem 0x0000000000000000-0x000000007ffeffff]
[    0.000000] NODE_DATA(0) allocated [mem 0x7ffc5000-0x7ffeffff]
[    0.000000] kvm-clock: cpu 0, msr 0:7ff44001, primary cpu clock
[    0.000000] kvm-clock: Using msrs 4b564d01 and 4b564d00
[    0.000000] kvm-clock: using sched offset of 4289531293 cycles
[    0.000000] clocksource: kvm-clock: mask: 0xffffffffffffffff max_cycles: 0x1cd42e4dffb, max_idle_ns: 881590591483 ns
[    0.000000] Zone ranges:
[    0.000000]   DMA      [mem 0x0000000000001000-0x0000000000ffffff]
[    0.000000]   DMA32    [mem 0x0000000001000000-0x000000007ffeffff]
[    0.000000]   Normal   empty
[    0.000000]   Device   empty
[    0.000000] Movable zone start for each node
[    0.000000] Early memory node ranges
[    0.000000]   node   0: [mem 0x0000000000001000-0x000000000009efff]
[    0.000000]   node   0: [mem 0x0000000000100000-0x000000007ffeffff]
[    0.000000] Reserved but unavailable: 104 pages
[    0.000000] Initmem setup node 0 [mem 0x0000000000001000-0x000000007ffeffff]
[    0.000000] ACPI: PM-Timer IO Port: 0x4008
[    0.000000] IOAPIC[0]: apic_id 2, version 32, address 0xfec00000, GSI 0-23
[    0.000000] ACPI: INT_SRC_OVR (bus 0 bus_irq 0 global_irq 2 dfl dfl)
[    0.000000] ACPI: INT_SRC_OVR (bus 0 bus_irq 9 global_irq 9 low level)
[    0.000000] Using ACPI (MADT) for SMP configuration information
[    0.000000] smpboot: Allowing 2 CPUs, 0 hotplug CPUs
[    0.000000] PM: Registered nosave memory: [mem 0x00000000-0x00000fff]
[    0.000000] PM: Registered nosave memory: [mem 0x0009f000-0x0009ffff]
[    0.000000] PM: Registered nosave memory: [mem 0x000a0000-0x000effff]
[    0.000000] PM: Registered nosave memory: [mem 0x000f0000-0x000fffff]
[    0.000000] e820: [mem 0x80000000-0xfebfffff] available for PCI devices
[    0.000000] Booting paravirtualized kernel on KVM
[    0.000000] clocksource: refined-jiffies: mask: 0xffffffff max_cycles: 0xffffffff, max_idle_ns: 7645519600211568 ns
[    0.000000] random: get_random_bytes called from start_kernel+0x99/0x500 with crng_init=0
[    0.000000] setup_percpu: NR_CPUS:8192 nr_cpumask_bits:2 nr_cpu_ids:2 nr_node_ids:1
[    0.000000] percpu: Embedded 45 pages/cpu s147456 r8192 d28672 u1048576
[    0.000000] PV qspinlock hash table entries: 256 (order: 0, 4096 bytes)
[    0.000000] Built 1 zonelists, mobility grouping on.  Total pages: 515961
[    0.000000] Policy zone: DMA32
[    0.000000] Kernel command line: BOOT_IMAGE=/boot/vmlinuz-4.15.0-166-generic root=LABEL=cloudimg-rootfs ro console=tty1 console=ttyS0
[    0.000000] Memory: 2014908K/2096696K available (12300K kernel code, 2483K rwdata, 4320K rodata, 2448K init, 2724K bss, 81788K reserved, 0K cma-reserved)
[    0.000000] SLUB: HWalign=64, Order=0-3, MinObjects=0, CPUs=2, Nodes=1
[    0.000000] Kernel/User page tables isolation: enabled
[    0.000000] ftrace: allocating 39491 entries in 155 pages
[    0.004000] Hierarchical RCU implementation.
[    0.004000] 	RCU restricting CPUs from NR_CPUS=8192 to nr_cpu_ids=2.
[    0.004000] 	Tasks RCU enabled.
[    0.004000] RCU: Adjusting geometry for rcu_fanout_leaf=16, nr_cpu_ids=2
[    0.004000] NR_IRQS: 524544, nr_irqs: 440, preallocated irqs: 16
[    0.004000] Console: colour VGA+ 80x25
[    0.004000] console [tty1] enabled
[    0.004000] console [ttyS0] enabled
[    0.004000] ACPI: Core revision 20170831
[    0.004000] ACPI: 2 ACPI AML tables successfully acquired and loaded
[    0.004000] APIC: Switch to symmetric I/O mode setup
[    0.004000] x2apic enabled
[    0.004011] Switched APIC routing to physical x2apic.
[    0.010234] ..TIMER: vector=0x30 apic1=0 pin1=2 apic2=-1 pin2=-1
[    0.012009] tsc: Detected 3190.726 MHz processor
[    0.016018] Calibrating delay loop (skipped) preset value.. 6381.45 BogoMIPS (lpj=12762904)
[    0.020007] pid_max: default: 32768 minimum: 301
[    0.024062] Security Framework initialized
[    0.025907] Yama: becoming mindful.
[    0.028036] AppArmor: AppArmor initialized
[    0.032905] Dentry cache hash table entries: 262144 (order: 9, 2097152 bytes)
[    0.036816] Inode-cache hash table entries: 131072 (order: 8, 1048576 bytes)
[    0.040042] Mount-cache hash table entries: 4096 (order: 3, 32768 bytes)
[    0.044013] Mountpoint-cache hash table entries: 4096 (order: 3, 32768 bytes)
[    0.048408] Last level iTLB entries: 4KB 512, 2MB 7, 4MB 7
[    0.052004] Last level dTLB entries: 4KB 512, 2MB 32, 4MB 32, 1GB 0
[    0.056006] Spectre V1 : Mitigation: usercopy/swapgs barriers and __user pointer sanitization
[    0.060005] Spectre V2 : Mitigation: Full generic retpoline
[    0.064003] Spectre V2 : Spectre v2 / SpectreRSB mitigation: Filling RSB on context switch
[    0.068008] Speculative Store Bypass: Vulnerable
[    0.070083] MDS: Vulnerable: Clear CPU buffers attempted, no microcode
[    0.072206] Freeing SMP alternatives memory: 36K
[    0.185430] smpboot: CPU0: Intel(R) Core(TM) i5 CPU         650  @ 3.20GHz (family: 0x6, model: 0x25, stepping: 0x5)
[    0.188105] Performance Events: unsupported p6 CPU model 37 no PMU driver, software events only.
[    0.192063] Hierarchical SRCU implementation.
[    0.195260] NMI watchdog: Perf event create on CPU 0 failed with -2
[    0.196004] NMI watchdog: Perf NMI watchdog permanently disabled
[    0.200076] smp: Bringing up secondary CPUs ...
[    0.202224] x86: Booting SMP configuration:
[    0.204004] .... node  #0, CPUs:      #1
[    0.004000] kvm-clock: cpu 1, msr 0:7ff44041, secondary cpu clock
[    0.229292] smp: Brought up 1 node, 2 CPUs
[    0.232013] smpboot: Max logical packages: 1
[    0.234005] smpboot: Total of 2 processors activated (12762.90 BogoMIPS)
[    0.236650] devtmpfs: initialized
[    0.240075] x86/mm: Memory block size: 128MB
[    0.242351] evm: security.selinux
[    0.243841] evm: security.SMACK64
[    0.244005] evm: security.SMACK64EXEC
[    0.245712] evm: security.SMACK64TRANSMUTE
[    0.248005] evm: security.SMACK64MMAP
[    0.249709] evm: security.apparmor
[    0.252003] evm: security.ima
[    0.253364] evm: security.capability
[    0.256185] clocksource: jiffies: mask: 0xffffffff max_cycles: 0xffffffff, max_idle_ns: 7645041785100000 ns
[    0.268019] futex hash table entries: 512 (order: 3, 32768 bytes)
[    0.272060] pinctrl core: initialized pinctrl subsystem
[    0.272135] RTC time: 12:16:19, date: 01/15/22
[    0.274474] NET: Registered protocol family 16
[    0.276107] audit: initializing netlink subsys (disabled)
[    0.280195] audit: type=2000 audit(1642248984.662:1): state=initialized audit_enabled=0 res=1
[    0.284453] cpuidle: using governor ladder
[    0.300011] cpuidle: using governor menu
[    0.301838] ACPI: bus type PCI registered
[    0.304005] acpiphp: ACPI Hot Plug PCI Controller Driver version: 0.5
[    0.308132] PCI: Using configuration type 1 for base access
[    0.313478] HugeTLB registered 2.00 MiB page size, pre-allocated 0 pages
[    0.320021] ACPI: Added _OSI(Module Device)
[    0.320021] ACPI: Added _OSI(Processor Device)
[    0.322081] ACPI: Added _OSI(3.0 _SCP Extensions)
[    0.324004] ACPI: Added _OSI(Processor Aggregator Device)
[    0.326408] ACPI: Added _OSI(Linux-Dell-Video)
[    0.328005] ACPI: Added _OSI(Linux-Lenovo-NV-HDMI-Audio)
[    0.330432] ACPI: Added _OSI(Linux-HPI-Hybrid-Graphics)
[    0.332427] ACPI: Executed 1 blocks of module-level executable AML code
[    0.342057] ACPI: Interpreter enabled
[    0.343754] ACPI: (supports S0 S5)
[    0.344006] ACPI: Using IOAPIC for interrupt routing
[    0.346575] PCI: Using host bridge windows from ACPI; if necessary, use "pci=nocrs" and report a bug
[    0.352221] ACPI: Enabled 2 GPEs in block 00 to 07
[    0.363403] ACPI: PCI Root Bridge [PCI0] (domain 0000 [bus 00-ff])
[    0.368011] acpi PNP0A03:00: _OSC: OS supports [ASPM ClockPM Segments MSI]
[    0.368036] acpi PNP0A03:00: _OSC: not requesting OS control; OS requires [ExtendedConfig ASPM ClockPM MSI]
[    0.372018] acpi PNP0A03:00: fail to add MMCONFIG information, can't access extended PCI configuration space under this bridge.
[    0.380460] PCI host bridge to bus 0000:00
[    0.380460] pci_bus 0000:00: root bus resource [io  0x0000-0x0cf7 window]
[    0.384006] pci_bus 0000:00: root bus resource [io  0x0d00-0xffff window]
[    0.386979] pci_bus 0000:00: root bus resource [mem 0x000a0000-0x000bffff window]
[    0.392005] pci_bus 0000:00: root bus resource [mem 0x80000000-0xfdffffff window]
[    0.396006] pci_bus 0000:00: root bus resource [bus 00-ff]
[    0.400366] pci 0000:00:01.1: legacy IDE quirk: reg 0x10: [io  0x01f0-0x01f7]
[    0.403860] pci 0000:00:01.1: legacy IDE quirk: reg 0x14: [io  0x03f6]
[    0.408005] pci 0000:00:01.1: legacy IDE quirk: reg 0x18: [io  0x0170-0x0177]
[    0.408005] pci 0000:00:01.1: legacy IDE quirk: reg 0x1c: [io  0x0376]
[    0.461806] pci 0000:00:07.0: quirk: [io  0x4000-0x403f] claimed by PIIX4 ACPI
[    0.464018] pci 0000:00:07.0: quirk: [io  0x4100-0x410f] claimed by PIIX4 SMB
[    0.501865] ACPI: PCI Interrupt Link [LNKA] (IRQs 5 9 10 *11)
[    0.505799] ACPI: PCI Interrupt Link [LNKB] (IRQs 5 9 *10 11)
[    0.512185] ACPI: PCI Interrupt Link [LNKC] (IRQs 5 *9 10 11)
[    0.513135] ACPI: PCI Interrupt Link [LNKD] (IRQs 5 9 10 *11)
[    0.516581] SCSI subsystem initialized
[    0.520074] pci 0000:00:02.0: vgaarb: setting as boot VGA device
[    0.520074] pci 0000:00:02.0: vgaarb: VGA device added: decodes=io+mem,owns=io+mem,locks=none
[    0.528009] pci 0000:00:02.0: vgaarb: bridge control possible
[    0.530780] vgaarb: loaded
[    0.532063] ACPI: bus type USB registered
[    0.533884] usbcore: registered new interface driver usbfs
[    0.536017] usbcore: registered new interface driver hub
[    0.538605] usbcore: registered new device driver usb
[    0.544672] EDAC MC: Ver: 3.0.0
[    0.548262] PCI: Using ACPI for IRQ routing
[    0.550557] NetLabel: Initializing
[    0.552000] NetLabel:  domain hash size = 128
[    0.552003] NetLabel:  protocols = UNLABELED CIPSOv4 CALIPSO
[    0.556024] NetLabel:  unlabeled traffic allowed by default
[    0.567792] clocksource: Switched to clocksource kvm-clock
[    0.592220] VFS: Disk quotas dquot_6.6.0
[    0.594066] VFS: Dquot-cache hash table entries: 512 (order 0, 4096 bytes)
[    0.597735] AppArmor: AppArmor Filesystem Enabled
[    0.599834] pnp: PnP ACPI init
[    0.605666] pnp: PnP ACPI: found 3 devices
[    0.613963] clocksource: acpi_pm: mask: 0xffffff max_cycles: 0xffffff, max_idle_ns: 2085701024 ns
[    0.618318] NET: Registered protocol family 2
[    0.622512] IP idents hash table entries: 32768 (order: 6, 262144 bytes)
[    0.626198] TCP established hash table entries: 16384 (order: 5, 131072 bytes)
[    0.629654] TCP bind hash table entries: 16384 (order: 6, 262144 bytes)
[    0.633123] TCP: Hash tables configured (established 16384 bind 16384)
[    0.639025] UDP hash table entries: 1024 (order: 3, 32768 bytes)
[    0.641672] UDP-Lite hash table entries: 1024 (order: 3, 32768 bytes)
[    0.644746] NET: Registered protocol family 1
[    0.646740] pci 0000:00:00.0: Limiting direct PCI/PCI transfers
[    0.649357] pci 0000:00:01.0: Activating ISA DMA hang workarounds
[    0.654154] pci 0000:00:02.0: Video device with shadowed ROM at [mem 0x000c0000-0x000dffff]
[    0.658069] Unpacking initramfs...
[    1.067638] Freeing initrd memory: 19520K
[    1.073583] clocksource: tsc: mask: 0xffffffffffffffff max_cycles: 0x2dfe10dcd27, max_idle_ns: 440795217400 ns
[    1.086360] platform rtc_cmos: registered platform RTC device (no PNP device found)
[    1.089898] Scanning for low memory corruption every 60 seconds
[    1.097957] Initialise system trusted keyrings
[    1.101470] Key type blacklist registered
[    1.104399] workingset: timestamp_bits=36 max_order=19 bucket_order=0
[    1.116953] zbud: loaded
[    1.122754] squashfs: version 4.0 (2009/01/31) Phillip Lougher
[    1.128427] fuse init (API version 7.26)
[    1.138223] Key type asymmetric registered
[    1.142726] Asymmetric key parser 'x509' registered
[    1.145168] Block layer SCSI generic (bsg) driver version 0.4 loaded (major 246)
[    1.156764] io scheduler noop registered
[    1.158550] io scheduler deadline registered
[    1.186224] io scheduler cfq registered (default)
[    1.202988] ACPI: AC Adapter [AC] (on-line)
[    1.216761] input: Power Button as /devices/LNXSYSTM:00/LNXPWRBN:00/input/input0
[    1.232799] ACPI: Power Button [PWRF]
[    1.234513] input: Sleep Button as /devices/LNXSYSTM:00/LNXSLPBN:00/input/input1
[    1.238016] ACPI: Sleep Button [SLPF]
[    1.243677] Serial: 8250/16550 driver, 32 ports, IRQ sharing enabled
[    1.269730] 00:02: ttyS0 at I/O 0x3f8 (irq = 4, base_baud = 115200) is a 16550A
[    1.275149] Linux agpgart interface v0.103
[    1.279593] loop: module loaded
[    1.282098] scsi host0: ata_piix
[    1.283990] scsi host1: ata_piix
[    1.285591] ata1: PATA max UDMA/33 cmd 0x1f0 ctl 0x3f6 bmdma 0xd000 irq 14
[    1.288662] ata2: PATA max UDMA/33 cmd 0x170 ctl 0x376 bmdma 0xd008 irq 15
[    1.293101] libphy: Fixed MDIO Bus: probed
[    1.294930] tun: Universal TUN/TAP device driver, 1.6
[    1.297608] PPP generic driver version 2.4.2
[    1.299604] ehci_hcd: USB 2.0 'Enhanced' Host Controller (EHCI) Driver
[    1.302834] ehci-pci: EHCI PCI platform driver
[    1.304884] ehci-platform: EHCI generic platform driver
[    1.307182] ohci_hcd: USB 1.1 'Open' Host Controller (OHCI) Driver
[    1.310012] ohci-pci: OHCI PCI platform driver
[    1.311967] ohci-platform: OHCI generic platform driver
[    1.314381] uhci_hcd: USB Universal Host Controller Interface driver
[    1.317620] i8042: PNP: PS/2 Controller [PNP0303:PS2K,PNP0f03:PS2M] at 0x60,0x64 irq 1,12
[    1.322045] serio: i8042 KBD port at 0x60,0x64 irq 1
[    1.324258] serio: i8042 AUX port at 0x60,0x64 irq 12
[    1.326923] mousedev: PS/2 mouse device common for all mice
[    1.329707] input: AT Translated Set 2 keyboard as /devices/platform/i8042/serio0/input/input2
[    1.334192] rtc_cmos rtc_cmos: rtc core: registered rtc_cmos as rtc0
[    1.334266] rtc_cmos rtc_cmos: alarms up to one day, 114 bytes nvram
[    1.334275] i2c /dev entries driver
[    1.334340] device-mapper: uevent: version 1.0.3
[    1.334410] device-mapper: ioctl: 4.37.0-ioctl (2017-09-20) initialised: dm-devel@redhat.com
[    1.347810] ledtrig-cpu: registered to indicate activity on CPUs
[    1.358892] NET: Registered protocol family 10
[    1.375015] Segment Routing with IPv6
[    1.376962] NET: Registered protocol family 17
[    1.379415] Key type dns_resolver registered
[    1.381888] mce: Using 0 MCE banks
[    1.383431] RAS: Correctable Errors collector initialized.
[    1.385990] sched_clock: Marking stable (1385957218, 0)->(1878966889, -493009671)
[    1.390343] registered taskstats version 1
[    1.392513] Loading compiled-in X.509 certificates
[    1.399180] Loaded X.509 cert 'Build time autogenerated kernel key: 408b96eb428cbe545a63e9a677d083d5c6df802b'
[    1.404549] Loaded X.509 cert 'Canonical Ltd. Live Patch Signing: 14df34d1a87cf37625abec039ef2bf521249b969'
[    1.409871] Loaded X.509 cert 'Canonical Ltd. Kernel Module Signing: 88f752e560a1e0737e31163a466ad7b70a850c19'
[    1.414243] blacklist: Loading compiled-in revocation X.509 certificates
[    1.417499] Loaded X.509 cert 'Canonical Ltd. Secure Boot Signing: 61482aa2830d0ab2ad5af10b7250da9033ddcef0'
[    1.421961] zswap: loaded using pool lzo/zbud
[    1.429809] Key type big_key registered
[    1.431543] Key type trusted registered
[    1.435911] Key type encrypted registered
[    1.437799] AppArmor: AppArmor sha1 policy hashing enabled
[    1.440352] ima: No TPM chip found, activating TPM-bypass! (rc=-19)
[    1.443030] ima: Allocated hash algorithm: sha1
[    1.445129] evm: HMAC attrs: 0x1
[    1.446921]   Magic number: 6:88:279
[    1.448883] event_source tracepoint: hash matches
[    1.450940] tty tty16: hash matches
[    1.452876] rtc_cmos rtc_cmos: setting system clock to 2022-01-15 12:16:20 UTC (1642248980)
[    1.457033] BIOS EDD facility v0.16 2004-Jun-25, 0 devices found
[    1.459618] EDD information not available.
[    1.464935] Freeing unused kernel image memory: 2448K
[    1.480109] Write protecting the kernel read-only data: 20480k
[    1.483536] Freeing unused kernel image memory: 2008K
[    1.486510] Freeing unused kernel image memory: 1824K
[    1.500546] x86/mm: Checked W+X mappings: passed, no W+X pages found.
[    1.503483] x86/mm: Checking user space page tables
[    1.521765] x86/mm: Checked W+X mappings: passed, no W+X pages found.
Loading, please wait...
starting version 237
[    1.910451] e1000: Intel(R) PRO/1000 Network Driver - version 7.3.21-k8-NAPI
[    1.917443] e1000: Copyright (c) 1999-2006 Intel Corporation.
[    2.158848] Fusion MPT base driver 3.04.20
[    2.160770] Copyright (c) 1999-2008 LSI Corporation
[    2.372725] input: ImExPS/2 Generic Explorer Mouse as /devices/platform/i8042/serio1/input/input4
[    2.804632] Fusion MPT SPI Host driver 3.04.20
[    2.906006] SSE version of gcm_enc/dec engaged.
[    3.022397] e1000 0000:00:03.0 eth0: (PCI:33MHz:32-bit) 02:0f:94:a1:da:7f
[    3.025454] e1000 0000:00:03.0 eth0: Intel(R) PRO/1000 Network Connection
[    3.030083] mptbase: ioc0: Initiating bringup
[    3.229944] ioc0: LSI53C1030 A0: Capabilities={Initiator}
[    4.118229] scsi host2: ioc0: LSI53C1030 A0, FwRev=00000000h, Ports=1, MaxQ=256, IRQ=20
[    4.378642] scsi 2:0:0:0: Direct-Access     VBOX     HARDDISK         1.0  PQ: 0 ANSI: 5
[    4.432496] scsi target2:0:0: Beginning Domain Validation
[    4.457221] scsi target2:0:0: Domain Validation skipping write tests
[    4.465497] scsi target2:0:0: Ending Domain Validation
[    4.471654] scsi target2:0:0: asynchronous
[    4.477202] scsi 2:0:1:0: Direct-Access     VBOX     HARDDISK         1.0  PQ: 0 ANSI: 5
[    4.676647] scsi target2:0:1: Beginning Domain Validation
[    4.689529] random: fast init done
[    4.697050] scsi target2:0:1: Domain Validation skipping write tests
[    4.702695] scsi target2:0:1: Ending Domain Validation
[    4.711827] scsi target2:0:1: asynchronous
[    4.725262] random: systemd-udevd: uninitialized urandom read (16 bytes read)
[    4.731268] sd 2:0:0:0: [sda] 83886080 512-byte logical blocks: (42.9 GB/40.0 GiB)
[    4.741709] sd 2:0:0:0: Attached scsi generic sg0 type 0
[    4.750229] sd 2:0:0:0: [sda] Write Protect is off
[    4.756328] random: systemd-udevd: uninitialized urandom read (16 bytes read)
[    4.794786] sd 2:0:1:0: [sdb] 20480 512-byte logical blocks: (10.5 MB/10.0 MiB)
[    4.812776] sd 2:0:1:0: Attached scsi generic sg1 type 0
[    4.814810] random: systemd-udevd: uninitialized urandom read (16 bytes read)
[    4.836159] sd 2:0:1:0: [sdb] Write Protect is off
[    4.836304] sd 2:0:1:0: [sdb] Incomplete mode parameter data
[    4.836306] sd 2:0:1:0: [sdb] Assuming drive cache: write through
[    4.864902] sd 2:0:1:0: [sdb] Attached SCSI disk
[    4.869116] sd 2:0:0:0: [sda] Incomplete mode parameter data
[    4.883236] sd 2:0:0:0: [sda] Assuming drive cache: write through
[    4.914457]  sda: sda1
[    4.927845] sd 2:0:0:0: [sda] Attached SCSI disk
[    5.110124] e1000 0000:00:08.0 eth1: (PCI:33MHz:32-bit) 08:00:27:88:f5:1c
[    5.113132] e1000 0000:00:08.0 eth1: Intel(R) PRO/1000 Network Connection
[    5.118894] e1000 0000:00:03.0 enp0s3: renamed from eth0
[    5.148488] e1000 0000:00:08.0 enp0s8: renamed from eth1
Begin: Loading essential drivers ... [    6.966790] raid6: sse2x1   gen()  5987 MB/s
[    7.021263] raid6: sse2x1   xor()  1686 MB/s
[    7.074602] raid6: sse2x2   gen()  3669 MB/s
[    7.161274] raid6: sse2x2   xor()  1645 MB/s
[    7.209506] raid6: sse2x4   gen()  7684 MB/s
[    7.267013] raid6: sse2x4   xor()  6100 MB/s
[    7.269034] raid6: using algorithm sse2x4 gen() 7684 MB/s
[    7.271380] raid6: .... xor() 6100 MB/s, rmw enabled
[    7.273702] raid6: using ssse3x2 recovery algorithm
[    7.283049] xor: measuring software checksum speed
[    7.324058]    prefetch64-sse: 11531.000 MB/sec
[    7.364057]    generic_sse: 10139.000 MB/sec
[    7.365958] xor: using function: prefetch64-sse (11531.000 MB/sec)
[    7.378241] async_tx: api initialized (async)
done.
Begin: Running /scripts/init-premount ... done.
Begin: Mounting root file system ... Begin: Running /scripts/local-top ... done.
Begin: Running /scripts/local-premount ... [    7.493463] Btrfs loaded, crc32c=crc32c-intel
Scanning for Btrfs filesystems
done.
Warning: fsck not present, so skipping root file system
[    7.578274] EXT4-fs (sda1): INFO: recovery required on readonly filesystem
[    7.581298] EXT4-fs (sda1): write access will be enabled during recovery
[    8.786268] EXT4-fs (sda1): recovery complete
[    8.788795] EXT4-fs (sda1): mounted filesystem with ordered data mode. Opts: (null)
done.
Begin: Running /scripts/local-bottom ... done.
Begin: Running /scripts/init-bottom ... [    8.914570] random: crng init done
[    8.916509] random: 7 urandom warning(s) missed due to ratelimiting
done.
[    9.365133] ip_tables: (C) 2000-2006 Netfilter Core Team
[    9.425976] systemd[1]: systemd 237 running in system mode. (+PAM +AUDIT +SELINUX +IMA +APPARMOR +SMACK +SYSVINIT +UTMP +LIBCRYPTSETUP +GCRYPT +GNUTLS +ACL +XZ +LZ4 +SECCOMP +BLKID +ELFUTILS +KMOD -IDN2 +IDN -PCRE2 default-hierarchy=hybrid)
[    9.455026] systemd[1]: Detected virtualization oracle.
[    9.459506] systemd[1]: Detected architecture x86-64.

Welcome to [1mUbuntu 18.04.6 LTS[0m!

[    9.535479] systemd[1]: Set hostname to <ubuntu-bionic>.
[   10.501411] systemd[1]: Set up automount Arbitrary Executable File Formats File System Automount Point.
[[0;32m  OK  [0m] Set up automount Arbitrary Executab…rmats File System Automount Point.
[   10.523992] systemd[1]: Created slice System Slice.
[[0;32m  OK  [0m] Created slice System Slice.
[   10.531591] systemd[1]: Listening on Journal Audit Socket.
[[0;32m  OK  [0m] Listening on Journal Audit Socket.
[   10.544904] systemd[1]: Listening on Journal Socket (/dev/log).
[[0;32m  OK  [0m] Listening on Journal Socket (/dev/log).
[   10.556285] systemd[1]: Created slice system-serial\x2dgetty.slice.
[[0;32m  OK  [0m] Created slice system-serial\x2dgetty.slice.
[   10.564759] systemd[1]: Listening on udev Kernel Socket.
[[0;32m  OK  [0m] Listening on udev Kernel Socket.
[[0;32m  OK  [0m] Reached target User and Group Name Lookups.
[[0;32m  OK  [0m] Listening on LVM2 poll daemon socket.
[[0;32m  OK  [0m] Created slice User and Session Slice.
[[0;32m  OK  [0m] Reached target Slices.
[[0;32m  OK  [0m] Started Forward Password Requests to Wall Directory Watch.
[[0;32m  OK  [0m] Listening on fsck to fsckd communication Socket.
[[0;32m  OK  [0m] Reached target Swap.
[[0;32m  OK  [0m] Listening on Device-mapper event daemon FIFOs.
[[0;32m  OK  [0m] Reached target System Time Synchronized.
[[0;32m  OK  [0m] Listening on LVM2 metadata daemon socket.
[[0;32m  OK  [0m] Listening on Syslog Socket.
[[0;32m  OK  [0m] Listening on Journal Socket.
         Starting Uncomplicated firewall...
         Mounting Huge Pages File System...
         Starting Load Kernel Modules...
         Starting Set the console keyboard layout...
         Starting File System Check on Root Device...
         Mounting POSIX Message Queue File System...
[   10.948050] Loading iSCSI transport class v2.0-870.
         Starting Journal Service...
         Mounting Kernel Debug File System...
         Starting Create list of required st…ce nodes for the current kernel...
[[0;32m  OK  [0m] Listening on Network Service Netlink Socket.
[[0;32m  OK  [0m] Listening on /dev/initctl Compatibility Named Pipe.
         Starting Monitoring of LVM2 mirrors…ng dmeventd or progress polling...
[[0;32m  OK  [0m] Listening on udev Control Socket.
         Starting udev Coldplug all Devices...
[[0;32m  OK  [0m] Started Uncomplicated firewall.
[[0;32m  OK  [0m] Mounted Huge Pages File System.
[[0;32m  OK  [0m] Mounted POSIX Message Queue File System.
[[0;32m  OK  [0m] Mounted Kernel Debug File System.
[[0;32m  OK  [0m] Started File System Check Daemon to report status.
[[0;32m  OK  [0m] Started udev Coldplug all Devices.
[[0;32m  OK  [0m] Started Create list of required sta…vice nodes for the current kernel.
         Starting Create Static Device Nodes in /dev...
[[0;32m  OK  [0m] Started File System Check on Root Device.
         Starting Remount Root and Kernel File Systems...
[[0;32m  OK  [0m] Started LVM2 metadata daemon.
[   11.889367] iscsi: registered transport (tcp)
[   11.927494] EXT4-fs (sda1): re-mounted. Opts: (null)
[[0;32m  OK  [0m] Started Remount Root and Kernel File Systems.
         Starting Load/Save Random Seed...
[[0;32m  OK  [0m] Started Set the console keyboard layout.
[[0;32m  OK  [0m] Started Create Static Device Nodes in /dev.
         Starting udev Kernel Device Manager...
[[0;32m  OK  [0m] Started Monitoring of LVM2 mirrors,…sing dmeventd or progress polling.
[[0;32m  OK  [0m] Started Load/Save Random Seed.
[[0;32m  OK  [0m] Reached target Local File Systems (Pre).
[[0;32m  OK  [0m] Reached target Local File Systems.
         Starting AppArmor initialization...
         Starting ebtables ruleset management...
         Starting Tell Plymouth To Write Out Runtime Data...
         Starting Set console font and keymap...
[[0;32m  OK  [0m] Started Set console font and keymap.
[[0;32m  OK  [0m] Started Tell Plymouth To Write Out Runtime Data.
[[0;32m  OK  [0m] Started ebtables ruleset management.
[[0;32m  OK  [0m] Started Journal Service.
         Starting Flush Journal to Persistent Storage...
[   13.106673] systemd-journald[414]: Received request to flush runtime journal from PID 1
[   13.270353] systemd-journald[414]: File /var/log/journal/c447e04d003d4182a6692295f868b183/system.journal corrupted or uncleanly shut down, renaming and replacing.
[[0;32m  OK  [0m] Started Flush Journal to Persistent Storage.
         Starting Create Volatile Files and Directories...
[[0;32m  OK  [0m] Started udev Kernel Device Manager.
[[0;32m  OK  [0m] Started Dispatch Password Requests to Console Directory Watch.
[[0;32m  OK  [0m] Reached target Local Encrypted Volumes.
[[0;32m  OK  [0m] Started Create Volatile Files and Directories.
         Starting Update UTMP about System Boot/Shutdown...
[   13.731176] audit: type=1400 audit(1642248992.772:2): apparmor="STATUS" operation="profile_load" profile="unconfined" name="/sbin/dhclient" pid=514 comm="apparmor_parser"
[   13.746546] audit: type=1400 audit(1642248992.772:3): apparmor="STATUS" operation="profile_load" profile="unconfined" name="/usr/lib/NetworkManager/nm-dhcp-client.action" pid=514 comm="apparmor_parser"
[   13.746550] audit: type=1400 audit(1642248992.772:4): apparmor="STATUS" operation="profile_load" profile="unconfined" name="/usr/lib/NetworkManager/nm-dhcp-helper" pid=514 comm="apparmor_parser"
[   13.746553] audit: type=1400 audit(1642248992.772:5): apparmor="STATUS" operation="profile_load" profile="unconfined" name="/usr/lib/connman/scripts/dhclient-script" pid=514 comm="apparmor_parser"
[   13.767920] audit: type=1400 audit(1642248992.808:6): apparmor="STATUS" operation="profile_load" profile="unconfined" name="lxc-container-default" pid=513 comm="apparmor_parser"
[   13.767924] audit: type=1400 audit(1642248992.808:7): apparmor="STATUS" operation="profile_load" profile="unconfined" name="lxc-container-default-cgns" pid=513 comm="apparmor_parser"
[   13.767926] audit: type=1400 audit(1642248992.808:8): apparmor="STATUS" operation="profile_load" profile="unconfined" name="lxc-container-default-with-mounting" pid=513 comm="apparmor_parser"
[[0;32m  OK  [0m] Started Update UTMP about System Boot/Shutdown.
[   13.767928] audit: type=1400 audit(1642248992.808:9): apparmor="STATUS" operation="profile_load" profile="unconfined" name="lxc-container-default-with-nesting" pid=513 comm="apparmor_parser"
[   13.772937] audit: type=1400 audit(1642248992.816:10): apparmor="STATUS" operation="profile_load" profile="unconfined" name="/usr/bin/man" pid=516 comm="apparmor_parser"
[   13.772941] audit: type=1400 audit(1642248992.816:11): apparmor="STATUS" operation="profile_load" profile="unconfined" name="man_filter" pid=516 comm="apparmor_parser"
[   13.802314] iscsi: registered transport (iser)
[[0;32m  OK  [0m] Started AppArmor initialization.
         Starting Load AppArmor profiles managed internally by snapd...
[[0;32m  OK  [0m] Started Load AppArmor profiles managed internally by snapd.
[[0;32m  OK  [0m] Started Load Kernel Modules.
         Mounting FUSE Control File System...
         Starting Initial cloud-init job (pre-networking)...
         Starting Apply Kernel Variables...
         Mounting Kernel Configuration File System...
[[0;32m  OK  [0m] Mounted FUSE Control File System.
[[0;32m  OK  [0m] Mounted Kernel Configuration File System.
[[0;32m  OK  [0m] Started Apply Kernel Variables.
[[0;32m  OK  [0m] Found device /dev/ttyS0.
[[0;32m  OK  [0m] Listening on Load/Save RF Kill Switch Status /dev/rfkill Watch.
[   19.003934] cloud-init[526]: Cloud-init v. 21.4-0ubuntu1~18.04.1 running 'init-local' at Sat, 15 Jan 2022 12:16:37 +0000. Up 18.52 seconds.
[[0;32m  OK  [0m] Started Initial cloud-init job (pre-networking).
[[0;32m  OK  [0m] Reached target Network (Pre).
         Starting Network Service...
[[0;32m  OK  [0m] Started Network Service.
         Starting Wait for Network to be Configured...
         Starting Network Name Resolution...
[[0;32m  OK  [0m] Started Network Name Resolution.
[[0;32m  OK  [0m] Reached target Network.
[[0;32m  OK  [0m] Reached target Host and Network Name Lookups.
[[0;32m  OK  [0m] Started Wait for Network to be Configured.
         Starting Initial cloud-init job (metadata service crawler)...
[   23.942934] cloud-init[678]: Cloud-init v. 21.4-0ubuntu1~18.04.1 running 'init' at Sat, 15 Jan 2022 12:16:42 +0000. Up 22.97 seconds.
[   23.962503] cloud-init[678]: ci-info: ++++++++++++++++++++++++++++++++++++++Net device info+++++++++++++++++++++++++++++++++++++++
[   23.989564] cloud-init[678]: ci-info: +--------+------+-----------------------------+---------------+--------+-------------------+
[   24.015012] cloud-init[678]: ci-info: | Device |  Up  |           Address           |      Mask     | Scope  |     Hw-Address    |
[   24.064310] cloud-init[678]: ci-info: +--------+------+-----------------------------+---------------+--------+-------------------+
[   24.136557] cloud-init[678]: ci-info: | enp0s3 | True |          10.0.2.15          | 255.255.255.0 | global | 02:0f:94:a1:da:7f |
[   24.182778] cloud-init[678]: ci-info: | enp0s3 | True |  fe80::f:94ff:fea1:da7f/64  |       .       |  link  | 02:0f:94:a1:da:7f |
[   24.221618] cloud-init[678]: ci-info: | enp0s8 | True |        192.168.33.10        | 255.255.255.0 | global | 08:00:27:88:f5:1c |
[   24.239582] cloud-init[678]: ci-info: | enp0s8 | True | fe80::a00:27ff:fe88:f51c/64 |       .       |  link  | 08:00:27:88:f5:1c |
[   24.250603] cloud-init[678]: ci-info: |   lo   | True |          127.0.0.1          |   255.0.0.0   |  host  |         .         |
[   24.299576] cloud-init[678]: ci-info: |   lo   | True |           ::1/128           |       .       |  host  |         .         |
[   24.319028] cloud-init[678]: ci-info: +--------+------+-----------------------------+---------------+--------+-------------------+
[   24.392834] cloud-init[678]: ci-info: +++++++++++++++++++++++++++++Route IPv4 info+++++++++++++++++++++++++++++
[   24.421761] cloud-init[678]: ci-info: +-------+--------------+----------+-----------------+-----------+-------+
[   24.438967] cloud-init[678]: ci-info: | Route | Destination  | Gateway  |     Genmask     | Interface | Flags |
[   24.553013] cloud-init[678]: ci-info: +-------+--------------+----------+-----------------+-----------+-------+
[   24.564417] cloud-init[678]: ci-info: |   0   |   0.0.0.0    | 10.0.2.2 |     0.0.0.0     |   enp0s3  |   UG  |
[   24.579607] cloud-init[678]: ci-info: |   1   |   10.0.2.0   | 0.0.0.0  |  255.255.255.0  |   enp0s3  |   U   |
[   24.596209] cloud-init[678]: ci-info: |   2   |   10.0.2.2   | 0.0.0.0  | 255.255.255.255 |   enp0s3  |   UH  |
[   24.603311] cloud-init[678]: ci-info: |   3   | 192.168.33.0 | 0.0.0.0  |  255.255.255.0  |   enp0s8  |   U   |
[   24.610415] cloud-init[678]: ci-info: +-------+--------------+----------+-----------------+-----------+-------+
[   24.618333] cloud-init[678]: ci-info: +++++++++++++++++++Route IPv6 info+++++++++++++++++++
[   24.624149] cloud-init[678]: ci-info: +-------+-------------+---------+-----------+-------+
[   24.657590] cloud-init[678]: ci-info: | Route | Destination | Gateway | Interface | Flags |
[   24.664818] cloud-init[678]: ci-info: +-------+-------------+---------+-----------+-------+
[   24.668917] cloud-init[678]: ci-info: |   1   |  fe80::/64  |    ::   |   enp0s3  |   U   |
[   24.673071] cloud-init[678]: ci-info: |   2   |  fe80::/64  |    ::   |   enp0s8  |   U   |
[   24.679416] cloud-init[678]: ci-info: |   4   |    local    |    ::   |   enp0s3  |   U   |
[   24.683215] cloud-init[678]: ci-info: |   5   |    local    |    ::   |   enp0s8  |   U   |
[   24.692411] cloud-init[678]: ci-info: |   6   |   ff00::/8  |    ::   |   enp0s3  |   U   |
[   24.696868] cloud-init[678]: ci-info: |   7   |   ff00::/8  |    ::   |   enp0s8  |   U   |
[   24.700673] cloud-init[678]: ci-info: +-------+-------------+---------+-----------+-------+
[[0;32m  OK  [0m] Started Initial cloud-init job (metadata service crawler).
[[0;32m  OK  [0m] Reached target Cloud-config availability.
[[0;32m  OK  [0m] Reached target Network is Online.
         Starting Availability of block devices...
[[0;32m  OK  [0m] Reached target Remote File Systems (Pre).
[[0;32m  OK  [0m] Reached target Remote File Systems.
[[0;32m  OK  [0m] Reached target System Initialization.
         Starting Socket activation for snappy daemon.
[[0;32m  OK  [0m] Started Discard unused blocks once a week.
[[0;32m  OK  [0m] Started Ubuntu Advantage Timer for running repeated jobs.
[[0;32m  OK  [0m] Listening on UUID daemon activation socket.
[[0;32m  OK  [0m] Started Daily Cleanup of Temporary Directories.
         Starting LXD - unix socket.
[[0;32m  OK  [0m] Listening on Open-iSCSI iscsid Socket.
[[0;32m  OK  [0m] Started ACPI Events Check.
[[0;32m  OK  [0m] Started Message of the Day.
[[0;32m  OK  [0m] Listening on ACPID Listen Socket.
[[0;32m  OK  [0m] Started Daily apt download activities.
[[0;32m  OK  [0m] Started Daily apt upgrade and clean activities.
[[0;32m  OK  [0m] Reached target Timers.
[[0;32m  OK  [0m] Listening on D-Bus System Message Bus Socket.
[[0;32m  OK  [0m] Started Trigger to poll for Ubuntu …(Only enabled on GCP LTS non-pro).
[[0;32m  OK  [0m] Reached target Paths.
[[0;32m  OK  [0m] Listening on cloud-init hotplug hook socket.
[[0;32m  OK  [0m] Started Availability of block devices.
[[0;32m  OK  [0m] Listening on Socket activation for snappy daemon.
[[0;32m  OK  [0m] Listening on LXD - unix socket.
[[0;32m  OK  [0m] Reached target Sockets.
[[0;32m  OK  [0m] Reached target Basic System.
[[0;32m  OK  [0m] Started Deferred execution scheduler.
         Starting Permit User Sessions...
         Starting OpenBSD Secure Shell server...
[[0;32m  OK  [0m] Started D-Bus System Message Bus.
         Starting Virtualbox guest utils...
         Starting Login Service...
[[0;32m  OK  [0m] Started Regular background program processing daemon.
         Starting System Logging Service...
         Starting LSB: Record successful boot for GRUB...
         Starting Accounts Service...
[[0;32m  OK  [0m] Started FUSE filesystem for LXC.
         Starting LSB: automatic crash report generation...
[[0;32m  OK  [0m] Started irqbalance daemon.
         Starting Dispatcher daemon for systemd-networkd...
         Starting LXD - container startup/shutdown...
         Starting LSB: Linux init script for swapspace...
         Starting Snap Daemon...
[[0;32m  OK  [0m] Started System Logging Service.
[[0;32m  OK  [0m] Started Permit User Sessions.
[[0;32m  OK  [0m] Started OpenBSD Secure Shell server.
[[0;32m  OK  [0m] Started Login Service.
[[0;32m  OK  [0m] Started Unattended Upgrades Shutdown.
         Starting Authorization Manager...
         Starting Hold until boot process finishes up...
         Starting Terminate Plymouth Boot Screen...
[[0;32m  OK  [0m] Started Terminate Plymouth Boot Screen.
[[0;32m  OK  [0m] Started Hold until boot process finishes up.
[[0;32m  OK  [0m] Started Serial Getty on ttyS0.
         Starting Set console scheme...
[[0;32m  OK  [0m] Started LSB: Linux init script for swapspace.
[[0;32m  OK  [0m] Started LSB: automatic crash report generation.
[[0;32m  OK  [0m] Started LSB: Record successful boot for GRUB.
[[0;32m  OK  [0m] Started Set console scheme.
[[0;32m  OK  [0m] Created slice system-getty.slice.
[[0;32m  OK  [0m] Started Getty on tty1.
[[0;32m  OK  [0m] Reached target Login Prompts.
[[0;32m  OK  [0m] Started Authorization Manager.
[[0;32m  OK  [0m] Started Accounts Service.
[[0;32m  OK  [0m] Started Virtualbox guest utils.
[[0;32m  OK  [0m] Created slice User Slice of vagrant.
         Starting User Manager for UID 1000...
[[0;32m  OK  [0m] Started Session 1 of user vagrant.
[[0;32m  OK  [0m] Started Dispatcher daemon for systemd-networkd.
[[0;32m  OK  [0m] Started LXD - container startup/shutdown.
[[0;32m  OK  [0m] Started User Manager for UID 1000.
[[0;32m  OK  [0m] Started Snap Daemon.
         Starting Wait until snapd is fully seeded...
[[0;32m  OK  [0m] Started Wait until snapd is fully seeded.
         Starting Apply the settings specified in cloud-config...
[[0;32m  OK  [0m] Reached target Multi-User System.
[[0;32m  OK  [0m] Reached target Graphical Interface.
         Starting Update UTMP about System Runlevel Changes...
[[0;32m  OK  [0m] Started Update UTMP about System Runlevel Changes.
[   32.929488] cloud-init[1232]: Cloud-init v. 21.4-0ubuntu1~18.04.1 running 'modules:config' at Sat, 15 Jan 2022 12:16:51 +0000. Up 32.54 seconds.

Ubuntu 18.04.6 LTS ubuntu-bionic ttyS0

ubuntu-bionic login: [   35.435441] cloud-init[1312]: Cloud-init v. 21.4-0ubuntu1~18.04.1 running 'modules:final' at Sat, 15 Jan 2022 12:16:54 +0000. Up 34.97 seconds.
[   35.435675] cloud-init[1312]: Cloud-init v. 21.4-0ubuntu1~18.04.1 finished at Sat, 15 Jan 2022 12:16:54 +0000. Datasource DataSourceNoCloud [seed=/dev/sdb][dsmode=net].  Up 35.38 seconds
